Build started 21-05-2013 13:36:46.
     1>Project "C:\Users\Crismis\Documents\Speed_Game_Jam-Summer2013\SpacePlatformer\SpaceGameJam\SpaceGame\SpaceGame.vcxproj" on node 2 (build target(s)).
     1>InitializeBuildStatus:
         Creating "Debug\SpaceGame.unsuccessfulbuild" because "AlwaysCreate" was specified.
       ClCompile:
         C:\Program Files (x86)\Microsoft Visual Studio 10.0\VC\bin\CL.exe /c /Zi /nologo /W3 /WX- /Od /Oy- /D _MBCS /Gm /EHsc /RTC1 /MD /GS /fp:precise /Zc:wchar_t /Zc:forScope /Fo"Debug\\" /Fd"Debug\vc100.pdb" /Gd /TP /analyze- /errorReport:prompt App.cpp App_OnCleanup.cpp App_OnEvent.cpp App_OnInit.cpp App_OnLoop.cpp App_OnRender.cpp main.cpp
         App_OnInit.cpp
         Generating Code...
         Compiling...
         main.cpp
         App_OnRender.cpp
         App_OnLoop.cpp
         App_OnEvent.cpp
         App_OnCleanup.cpp
         App.cpp
         Generating Code...
       Link:
         C:\Program Files (x86)\Microsoft Visual Studio 10.0\VC\bin\link.exe /ERRORREPORT:PROMPT /OUT:"C:\Users\Crismis\Documents\Speed_Game_Jam-Summer2013\SpacePlatformer\SpaceGameJam\Debug\SpaceGame.exe" /NOLOGO SDL.lib SDLmain.lib SDL_image.lib kernel32.lib user32.lib gdi32.lib winspool.lib comdlg32.lib advapi32.lib shell32.lib ole32.lib oleaut32.lib uuid.lib odbc32.lib odbccp32.lib /MANIFEST /ManifestFile:"Debug\SpaceGame.exe.intermediate.manifest" /MANIFESTUAC:"level='asInvoker' uiAccess='false'" /DEBUG /PDB:"C:\Users\Crismis\Documents\Speed_Game_Jam-Summer2013\SpacePlatformer\SpaceGameJam\Debug\SpaceGame.pdb" /SUBSYSTEM:WINDOWS /TLBID:1 /DYNAMICBASE /NXCOMPAT /IMPLIB:"C:\Users\Crismis\Documents\Speed_Game_Jam-Summer2013\SpacePlatformer\SpaceGameJam\Debug\SpaceGame.lib" /MACHINE:X86 Debug\App.obj
         Debug\App_OnCleanup.obj
         Debug\App_OnEvent.obj
         Debug\App_OnInit.obj
         Debug\App_OnLoop.obj
         Debug\App_OnRender.obj
         Debug\main.obj
         LINK : C:\Users\Crismis\Documents\Speed_Game_Jam-Summer2013\SpacePlatformer\SpaceGameJam\Debug\SpaceGame.exe not found or not built by the last incremental link; performing full link
         SpaceGame.vcxproj -> C:\Users\Crismis\Documents\Speed_Game_Jam-Summer2013\SpacePlatformer\SpaceGameJam\Debug\SpaceGame.exe
       Manifest:
         C:\Program Files (x86)\Microsoft SDKs\Windows\v7.0A\bin\mt.exe /nologo /verbose /outputresource:"C:\Users\Crismis\Documents\Speed_Game_Jam-Summer2013\SpacePlatformer\SpaceGameJam\Debug\SpaceGame.exe;#1" /manifest Debug\SpaceGame.exe.intermediate.manifest
       FinalizeBuildStatus:
         Deleting file "Debug\SpaceGame.unsuccessfulbuild".
         Touching "Debug\SpaceGame.lastbuildstate".
     1>Done Building Project "C:\Users\Crismis\Documents\Speed_Game_Jam-Summer2013\SpacePlatformer\SpaceGameJam\SpaceGame\SpaceGame.vcxproj" (build target(s)).

Build succeeded.

Time Elapsed 00:00:00.97
